c:\users\kevin bein\source\repos\plyanimator\plyanal\debug\vc142.pdb
c:\users\kevin bein\source\repos\plyanimator\plyanal\debug\vc142.idb
c:\users\kevin bein\source\repos\plyanimator\plyanal\debug\tinyply.obj
c:\users\kevin bein\source\repos\plyanimator\plyanal\debug\rendering.obj
c:\users\kevin bein\source\repos\plyanimator\plyanal\debug\plyanal.obj
c:\users\kevin bein\source\repos\plyanimator\debug\plyanal.exe
c:\users\kevin bein\source\repos\plyanimator\debug\plyanal.ilk
c:\users\kevin bein\source\repos\plyanimator\debug\plyanal.pdb
c:\users\kevin bein\source\repos\plyanimator\plyanal\debug\plyanal.tlog\cl.command.1.tlog
c:\users\kevin bein\source\repos\plyanimator\plyanal\debug\plyanal.tlog\cl.read.1.tlog
c:\users\kevin bein\source\repos\plyanimator\plyanal\debug\plyanal.tlog\cl.write.1.tlog
c:\users\kevin bein\source\repos\plyanimator\plyanal\debug\plyanal.tlog\fxc.command.1.tlog
c:\users\kevin bein\source\repos\plyanimator\plyanal\debug\plyanal.tlog\fxc.read.1.tlog
c:\users\kevin bein\source\repos\plyanimator\plyanal\debug\plyanal.tlog\link-cvtres.read.1.tlog
c:\users\kevin bein\source\repos\plyanimator\plyanal\debug\plyanal.tlog\link-cvtres.write.1.tlog
c:\users\kevin bein\source\repos\plyanimator\plyanal\debug\plyanal.tlog\link-rc.read.1.tlog
c:\users\kevin bein\source\repos\plyanimator\plyanal\debug\plyanal.tlog\link-rc.write.1.tlog
c:\users\kevin bein\source\repos\plyanimator\plyanal\debug\plyanal.tlog\link.3160-cvtres.read.1.tlog
c:\users\kevin bein\source\repos\plyanimator\plyanal\debug\plyanal.tlog\link.3160-cvtres.write.1.tlog
c:\users\kevin bein\source\repos\plyanimator\plyanal\debug\plyanal.tlog\link.3160-rc.read.1.tlog
c:\users\kevin bein\source\repos\plyanimator\plyanal\debug\plyanal.tlog\link.3160-rc.write.1.tlog
c:\users\kevin bein\source\repos\plyanimator\plyanal\debug\plyanal.tlog\link.3160.read.1.tlog
c:\users\kevin bein\source\repos\plyanimator\plyanal\debug\plyanal.tlog\link.3160.write.1.tlog
c:\users\kevin bein\source\repos\plyanimator\plyanal\debug\plyanal.tlog\link.command.1.tlog
c:\users\kevin bein\source\repos\plyanimator\plyanal\debug\plyanal.tlog\link.read.1.tlog
c:\users\kevin bein\source\repos\plyanimator\plyanal\debug\plyanal.tlog\link.write.1.tlog
